<component name="libraryTable">
  <library name="junit-4.12_a45d20f2">
    <CLASSES>
      <root url="jar://$USER_HOME$/_bazel_alexey/w3xqhprh/execroot/__main__/external/maven/v1/https/repo1.maven.org/maven2/junit/junit/4.12/junit-4.12.jar!/" />
    </CLASSES>
    <JAVADOC />
    <SOURCES />
  </library>
</component>